<?xml version="1.0" encoding="UTF-8"?>
<!-- Generated by org.testng.reporters.JUnitReportReporter -->
<testsuite hostname="IBM-PF32P2P0" failures="0" tests="3" name="sampleFile.TestNG_InvocationCount" time="0.019" errors="0" timestamp="2025-03-14T09:25:08 IST" skipped="0">
  <testcase classname="sampleFile.TestNG_InvocationCount" name="createUser" time="0.011"/>
  <testcase classname="sampleFile.TestNG_InvocationCount" name="createUser" time="0.004"/>
  <testcase classname="sampleFile.TestNG_InvocationCount" name="createUser" time="0.004"/>
</testsuite> <!-- sampleFile.TestNG_InvocationCount -->
