<?xml version="1.0" encoding="UTF-8"?>
<!-- Generated by org.testng.reporters.JUnitReportReporter -->
<testsuite hostname="IBM-PF32P2P0" failures="0" tests="3" name="sampleFile.TestNG_Priority" time="0.016" errors="0" timestamp="2025-03-14T09:25:35 IST" skipped="0">
  <testcase classname="sampleFile.TestNG_Priority" name="createUser" time="0.011"/>
  <testcase classname="sampleFile.TestNG_Priority" name="modifyUser" time="0.003"/>
  <testcase classname="sampleFile.TestNG_Priority" name="deleteUser" time="0.002"/>
</testsuite> <!-- sampleFile.TestNG_Priority -->
