<?xml version="1.0" encoding="UTF-8"?>
<!-- Generated by org.testng.reporters.JUnitReportReporter -->
<testsuite hostname="IBM-PF32P2P0" failures="0" tests="3" name="sampleFile.TestNGPractice" time="0.010" errors="0" timestamp="2025-03-13T16:57:21 IST" skipped="0">
  <testcase classname="sampleFile.TestNGPractice" name="createUser" time="0.007"/>
  <testcase classname="sampleFile.TestNGPractice" name="modifyUser" time="0.002"/>
  <testcase classname="sampleFile.TestNGPractice" name="deleteUser" time="0.001"/>
</testsuite> <!-- sampleFile.TestNGPractice -->
