<?xml version="1.0" encoding="UTF-8"?>
<!-- Generated by org.testng.reporters.JUnitReportReporter -->
<testsuite hostname="IBM-PF32P2P0" failures="0" tests="3" name="sampleFile.TestNG_dependsOnMethods" time="0.015" errors="0" timestamp="2025-03-14T09:24:44 IST" skipped="0">
  <testcase classname="sampleFile.TestNG_dependsOnMethods" name="modifyUser" time="0.002"/>
  <testcase classname="sampleFile.TestNG_dependsOnMethods" name="deleteUser" time="0.011"/>
  <testcase classname="sampleFile.TestNG_dependsOnMethods" name="createUser" time="0.002"/>
</testsuite> <!-- sampleFile.TestNG_dependsOnMethods -->
